#
# There is insufficient memory for the Java Runtime Environment to continue.
# Native memory allocation (mmap) failed to map 65011712 bytes for Failed to commit area from 0x00000000c2400000 to 0x00000000c6200000 of length 65011712.
# Possible reasons:
#   The system is out of physical RAM or swap space
#   The process is running with CompressedOops enabled, and the Java Heap may be blocking the growth of the native heap
# Possible solutions:
#   Reduce memory load on the system
#   Increase physical memory or swap space
#   Check if swap backing store is full
#   Decrease Java heap size (-Xmx/-Xms)
#   Decrease number of Java threads
#   Decrease Java thread stack sizes (-Xss)
#   Set larger code cache with -XX:ReservedCodeCacheSize=
# This output file may be truncated or incomplete.
#
#  Out of Memory Error (t:/workspace/open/src/hotspot/os/windows/os_windows.cpp:3221), pid=24448, tid=22648
#
# JRE version:  (10.0.2+13) (build )
# Java VM: Java HotSpot(TM) 64-Bit Server VM (10.0.2+13, mixed mode, aot, tiered, compressed oops, g1 gc, windows-amd64)
# No core dump will be written. Minidumps are not enabled by default on client versions of Windows
#

---------------  S U M M A R Y ------------

Command Line: -Dfile.encoding=GBK genwind.Calculator

Host: Intel(R) Core(TM) i5-7200U CPU @ 2.50GHz, 4 cores, 3G,  Windows 10 , 64 bit Build 17134 (10.0.17134.1)
Time: Sun Nov 04 16:25:06 2018 ?D1¨²¡À¨º¡Á?¨º¡À?? elapsed time: 0 seconds (0d 0h 0m 0s)

---------------  T H R E A D  ---------------

Current thread (0x0000023d2d60c800):  JavaThread "Unknown thread" [_thread_in_vm, id=22648, stack(0x000000760e300000,0x000000760e400000)]

Stack: [0x000000760e300000,0x000000760e400000]
Native frames: (J=compiled Java code, j=interpreted, Vv=VM code, C=native code)
V  [jvm.dll+0x5a01a9]
V  [jvm.dll+0x6bcf31]
V  [jvm.dll+0x6be126]
V  [jvm.dll+0x6be7b3]
V  [jvm.dll+0x234978]
V  [jvm.dll+0x59dac4]
V  [jvm.dll+0x592825]
V  [jvm.dll+0x2f632b]
V  [jvm.dll+0x2f6295]
V  [jvm.dll+0x2f6172]
V  [jvm.dll+0x2f8366]
V  [jvm.dll+0x344293]
V  [jvm.dll+0x3449a6]
V  [jvm.dll+0x344393]
V  [jvm.dll+0x2c4628]
V  [jvm.dll+0x2c5771]
V  [jvm.dll+0x69d1db]
V  [jvm.dll+0x69e9fc]
V  [jvm.dll+0x3519e9]
V  [jvm.dll+0x6856a2]
V  [jvm.dll+0x3ba0c3]
V  [jvm.dll+0x3bc261]
C  [javaw.exe+0x3541]
C  [javaw.exe+0xe1cf]
C  [javaw.exe+0xe376]
C  [KERNEL32.DLL+0x13034]
C  [ntdll.dll+0x71461]


---------------  P R O C E S S  ---------------

Threads class SMR info:
_java_thread_list=0x0000023d2b1573f0, length=0, elements={
}

Java Threads: ( => current thread )

Other Threads:
  0x0000023d2d624800 GCTaskThread "GC Thread#0" [stack: 0x000000760e400000,0x000000760e500000] [id=24456]
  0x0000023d2d628000 GCTaskThread "GC Thread#1" [stack: 0x000000760e500000,0x000000760e600000] [id=24468]
  0x0000023d2d62c800 GCTaskThread "GC Thread#2" [stack: 0x000000760e600000,0x000000760e700000] [id=24472]
  0x0000023d2d62d800 GCTaskThread "GC Thread#3" [stack: 0x000000760e700000,0x000000760e800000] [id=24488]
  0x0000023d2d66d000 ConcurrentGCThread "G1 Main Marker" [stack: 0x000000760e800000,0x000000760e900000] [id=24492]
  0x0000023d2d670800 ConcurrentGCThread "G1 Conc#0" [stack: 0x000000760e900000,0x000000760ea00000] [id=24496]

[error occurred during error reporting (printing all threads), id 0xe0000002]

VM state:not at safepoint (not fully initialized)

VM Mutex/Monitor currently owned by a thread:  ([mutex/lock_event])
[0x0000023d2d60b8e0] Heap_lock - owner thread: 0x0000023d2d60c800

Heap address: 0x00000000c2400000, size: 988 MB, Compressed Oops mode: Non-zero based: 0x00000000c2400000
Narrow klass base: 0x0000000000000000, Narrow klass shift: 0

GC Heap History (0 events):
No events

Deoptimization events (0 events):
No events

Classes redefined (0 events):
No events

Internal exceptions (0 events):
No events

Events (0 events):
No events


Dynamic libraries:
0x00007ff696820000 - 0x00007ff69685e000 	C:\Program Files\Java\jdk-10.0.2\bin\javaw.exe
0x00007ff9d2ab0000 - 0x00007ff9d2c91000 	C:\WINDOWS\SYSTEM32\ntdll.dll
0x00007ff9d0600000 - 0x00007ff9d06b2000 	C:\WINDOWS\System32\KERNEL32.DLL
0x00007ff9cf590000 - 0x00007ff9cf803000 	C:\WINDOWS\System32\KERNELBASE.dll
0x00007ff9cffe0000 - 0x00007ff9d0081000 	C:\WINDOWS\System32\ADVAPI32.dll
0x00007ff9cff40000 - 0x00007ff9cffde000 	C:\WINDOWS\System32\msvcrt.dll
0x00007ff9d2530000 - 0x00007ff9d258b000 	C:\WINDOWS\System32\sechost.dll
0x00007ff9d25a0000 - 0x00007ff9d26c4000 	C:\WINDOWS\System32\RPCRT4.dll
0x00007ff9d2290000 - 0x00007ff9d2420000 	C:\WINDOWS\System32\USER32.dll
0x00007ff9cfa00000 - 0x00007ff9cfa20000 	C:\WINDOWS\System32\win32u.dll
0x00007ff9d0240000 - 0x00007ff9d0268000 	C:\WINDOWS\System32\GDI32.dll
0x00007ff9cfd40000 - 0x00007ff9cfed2000 	C:\WINDOWS\System32\gdi32full.dll
0x00007ff9cfc20000 - 0x00007ff9cfcbf000 	C:\WINDOWS\System32\msvcp_win.dll
0x00007ff9cfa20000 - 0x00007ff9cfb1a000 	C:\WINDOWS\System32\ucrtbase.dll
0x00007ff9bec90000 - 0x00007ff9beef9000 	C:\WINDOWS\WinSxS\amd64_microsoft.windows.common-controls_6595b64144ccf1df_6.0.17134.345_none_fb429a5930656358\COMCTL32.dll
0x00007ff9d2750000 - 0x00007ff9d2a73000 	C:\WINDOWS\System32\combase.dll
0x00007ff9cfcc0000 - 0x00007ff9cfd3a000 	C:\WINDOWS\System32\bcryptPrimitives.dll
0x00007ff9c4850000 - 0x00007ff9c485a000 	C:\WINDOWS\SYSTEM32\VERSION.dll
0x00007ff9d06c0000 - 0x00007ff9d06ed000 	C:\WINDOWS\System32\IMM32.DLL
0x00007ff9c6040000 - 0x00007ff9c612f000 	C:\Program Files\Java\jdk-10.0.2\bin\msvcr120.dll
0x00007ff9b6080000 - 0x00007ff9b6126000 	C:\Program Files\Java\jdk-10.0.2\bin\msvcp120.dll
0x0000000056de0000 - 0x0000000057850000 	C:\Program Files\Java\jdk-10.0.2\bin\server\jvm.dll
0x00007ff9d0520000 - 0x00007ff9d0528000 	C:\WINDOWS\System32\PSAPI.DLL
0x00007ff9ca030000 - 0x00007ff9ca053000 	C:\WINDOWS\SYSTEM32\WINMM.dll
0x00007ff9b52b0000 - 0x00007ff9b52b9000 	C:\WINDOWS\SYSTEM32\WSOCK32.dll
0x00007ff9d2420000 - 0x00007ff9d248c000 	C:\WINDOWS\System32\WS2_32.dll
0x00007ff9ca000000 - 0x00007ff9ca02a000 	C:\WINDOWS\SYSTEM32\winmmbase.dll
0x00007ff9cfb20000 - 0x00007ff9cfb69000 	C:\WINDOWS\System32\cfgmgr32.dll
0x00007ff9c3920000 - 0x00007ff9c392f000 	C:\Program Files\Java\jdk-10.0.2\bin\verify.dll
0x00007ff9ccba0000 - 0x00007ff9ccd69000 	C:\WINDOWS\SYSTEM32\DBGHELP.DLL
0x00007ff9b8be0000 - 0x00007ff9b8c09000 	C:\WINDOWS\SYSTEM32\dbgcore.DLL
0x00007ff9c20d0000 - 0x00007ff9c20f7000 	C:\Program Files\Java\jdk-10.0.2\bin\java.dll
0x00007ff9bccc0000 - 0x00007ff9bccd6000 	C:\Program Files\Java\jdk-10.0.2\bin\zip.dll
0x00007ff9c20c0000 - 0x00007ff9c20ca000 	C:\Program Files\Java\jdk-10.0.2\bin\jimage.dll

dbghelp: loaded successfully - version: 4.0.5 - missing functions: none
symbol engine: initialized successfully - sym options: 0x614 - pdb path: .;C:\Program Files\Java\jdk-10.0.2\bin;C:\WINDOWS\SYSTEM32;C:\WINDOWS\WinSxS\amd64_microsoft.windows.common-controls_6595b64144ccf1df_6.0.17134.345_none_fb429a5930656358;C:\Program Files\Java\jdk-10.0.2\bin\server

VM Arguments:
jvm_args: -Dfile.encoding=GBK 
java_command: genwind.Calculator
java_class_path (initial): D:\eclipse workspace\GenWind\bin
Launcher Type: SUN_STANDARD

Logging:
Log output configuration:
#0: stdout all=warning uptime,level,tags
#1: stderr all=off uptime,level,tags

Environment Variables:
JAVA_HOME=C:\Program Files\Java\jdk-10.0.2
CLASSPATH=.;C:\Program Files\Java\jdk-10.0.2\lib;C:\Program Files\Java\jdk-10.0.2\lib\dt.jar;C:\Program Files\Java\jdk-10.0.2\lib\tools.jar
PATH=C:/Program Files/Java/jdk-10.0.2/bin/server;C:/Program Files/Java/jdk-10.0.2/bin;C:\Program Files (x86)\Intel\iCLS Client\;C:\Program Files\Intel\iCLS Client\;C:\WINDOWS\system32;C:\WINDOWS;C:\WINDOWS\System32\Wbem;C:\WINDOWS\System32\WindowsPowerShell\v1.0\;C:\Program Files (x86)\Intel\Intel(R) Management Engine Components\DAL;C:\Program Files\Intel\Intel(R) Management Engine Components\DAL;C:\Program Files (x86)\Intel\Intel(R) Management Engine Components\IPT;C:\Program Files\Intel\Intel(R) Management Engine Components\IPT;C:\Program Files\MySQL\MySQL Sever 5.7\bin;C:\WINDOWS\System32\OpenSSH\;D:\BaiduNetdiskDownload\Git\cmd;C:\Users\LENOVO\AppData\Local\Android\sdk\platform-tools;C:\Program Files\Java\jdk-10.0.2\bin;C:\Program Files\Java\jdk-10.0.2\jre\bin;C:\Program Files\Intel\WiFi\bin\;C:\Program Files\Common Files\Intel\WirelessCommon\;C:\Users\LENOVO\AppData\Local\Microsoft\WindowsApps;;C:\Users\LENOVO\Desktop;
USERNAME=LENOVO
OS=Windows_NT
PROCESSOR_IDENTIFIER=Intel64 Family 6 Model 142 Stepping 9, GenuineIntel



---------------  S Y S T E M  ---------------

OS: Windows 10 , 64 bit Build 17134 (10.0.17134.1)

CPU:total 4 (initial active 4) (2 cores per cpu, 2 threads per core) family 6 model 142 stepping 9, cmov, cx8, fxsr, mmx, sse, sse2, sse3, ssse3, sse4.1, sse4.2, popcnt, avx, avx2, aes, clmul, erms, 3dnowpref, lzcnt, ht, tsc, tscinvbit, bmi1, bmi2, adx, fma

Memory: 4k page, physical 4045512k(326660k free), swap 16628424k(12072k free)

vm_info: Java HotSpot(TM) 64-Bit Server VM (10.0.2+13) for windows-amd64 JRE (10.0.2+13), built on Jun 28 2018 01:57:56 by "mach5one" with MS VC++ 12.0 (VS2013)

END.
